<?xml version="1.0" encoding="UTF-8"?>
<testng-results skipped="0" failed="0" total="2" passed="2">
  <reporter-output>
  </reporter-output>
  <suite name="Default suite" duration-ms="16318" started-at="2018-05-31T04:40:10Z" finished-at="2018-05-31T04:40:27Z">
    <groups>
    </groups>
    <test name="Default test" duration-ms="16318" started-at="2018-05-31T04:40:10Z" finished-at="2018-05-31T04:40:27Z">
      <class name="test.test02">
        <test-method status="PASS" signature="TestNgLearn()[pri:0, instance:test.test02@66a3ffec]" name="TestNgLearn" duration-ms="686" started-at="2018-05-31T12:40:23Z" finished-at="2018-05-31T12:40:24Z">
          <reporter-output>
          </reporter-output>
        </test-method> <!-- TestNgLearn -->
      </class> <!-- test.test02 -->
      <class name="test.test">
        <test-method status="PASS" signature="beforeClass()[pri:0, instance:test.test@77caeb3e]" name="beforeClass" is-config="true" duration-ms="7472" started-at="2018-05-31T12:40:10Z" finished-at="2018-05-31T12:40:18Z">
          <reporter-output>
          </reporter-output>
        </test-method> <!-- beforeClass -->
        <test-method status="PASS" signature="beforeClass()[pri:0, instance:test.test02@66a3ffec]" name="beforeClass" is-config="true" duration-ms="5135" started-at="2018-05-31T12:40:18Z" finished-at="2018-05-31T12:40:23Z">
          <reporter-output>
          </reporter-output>
        </test-method> <!-- beforeClass -->
        <test-method status="PASS" signature="TestNgLearn()[pri:0, instance:test.test@77caeb3e]" name="TestNgLearn" duration-ms="436" started-at="2018-05-31T12:40:24Z" finished-at="2018-05-31T12:40:24Z">
          <reporter-output>
          </reporter-output>
        </test-method> <!-- TestNgLearn -->
        <test-method status="PASS" signature="afterClass()[pri:0, instance:test.test@77caeb3e]" name="afterClass" is-config="true" duration-ms="1625" started-at="2018-05-31T12:40:24Z" finished-at="2018-05-31T12:40:26Z">
          <reporter-output>
          </reporter-output>
        </test-method> <!-- afterClass -->
        <test-method status="PASS" signature="afterClass()[pri:0, instance:test.test02@66a3ffec]" name="afterClass" is-config="true" duration-ms="932" started-at="2018-05-31T12:40:26Z" finished-at="2018-05-31T12:40:27Z">
          <reporter-output>
          </reporter-output>
        </test-method> <!-- afterClass -->
      </class> <!-- test.test -->
    </test> <!-- Default test -->
  </suite> <!-- Default suite -->
</testng-results>
